2022-11-04 20:02:32,446 INFO notifyConnectTimeout:200

2022-11-04 20:02:32,458 INFO notifySocketTimeout:8000

2022-11-04 20:02:32,458 INFO isHealthCheck:true

2022-11-04 20:02:32,459 INFO maxHealthCheckFailCount:12

2022-11-04 20:02:32,460 INFO maxContent:10485760

2022-11-04 20:02:32,461 INFO spring.datasource.platform:""

2022-11-04 20:02:35,268 INFO use local db service for init

2022-11-04 20:02:35,797 WARN Lexical error at line 4, column 66.  Encountered: <EOF> after : "".

2022-11-04 20:02:35,800 WARN Syntax error: Encountered "*" at line 1, column 1.

2022-11-04 20:02:36,051 WARN Lexical error at line 4, column 13.  Encountered: "`" (96), after : "".

2022-11-04 20:02:36,053 WARN Lexical error at line 1, column 13.  Encountered: "`" (96), after : "".

2022-11-04 20:02:36,054 WARN Lexical error at line 1, column 13.  Encountered: "`" (96), after : "".

2022-11-04 20:02:36,055 WARN Lexical error at line 1, column 13.  Encountered: "`" (96), after : "".

2022-11-04 20:02:36,056 INFO use StandaloneDatabaseOperateImpl

2022-11-04 20:02:36,100 WARN DumpService start

2022-11-04 20:02:36,102 INFO start clear all config-info.

2022-11-04 20:02:36,105 WARN clear all config-info failed.

2022-11-04 20:02:36,106 WARN clear all config-info-tenant failed.

2022-11-04 20:02:36,134 INFO start clear all config-info-beta.

2022-11-04 20:02:36,135 WARN clear all config-info-beta failed.

2022-11-04 20:02:36,136 WARN clear all config-info-beta-tenant failed.

2022-11-04 20:02:36,146 INFO start clear all config-info-tag.

2022-11-04 20:02:36,147 WARN clear all config-info-tag failed.

2022-11-04 20:02:36,148 WARN clear all config-info-tag-tenant failed.

