2022-11-04 20:02:32,477 INFO Starting Nacos v2.1.1 using Java 1.8.0_312 on 3b43ca3a2dc5 with PID 1 (/home/nacos/target/nacos-server.jar started by root in /home/nacos)

2022-11-04 20:02:32,479 INFO The following 1 profile is active: "standalone"

2022-11-04 20:02:34,628 INFO Tomcat initialized with port(s): 8848 (http)

2022-11-04 20:02:34,637 INFO Starting service [Tomcat]

2022-11-04 20:02:34,640 INFO Starting Servlet engine: [Apache Tomcat/9.0.63]

2022-11-04 20:02:34,687 INFO Initializing Spring embedded WebApplicationContext

2022-11-04 20:02:34,688 INFO Root WebApplicationContext: initialization completed in 2107 ms

2022-11-04 20:02:34,905 INFO Nacos-related cluster resource initialization

2022-11-04 20:02:34,911 INFO Load com.alibaba.nacos.core.ability.RemoteAbilityInitializer for ServerAbilityInitializer

2022-11-04 20:02:34,911 INFO Load com.alibaba.nacos.naming.ability.NamingAbilityInitializer for ServerAbilityInitializer

2022-11-04 20:02:34,915 INFO The cluster resource is initialized

2022-11-04 20:02:34,948 INFO Get Distro config from env, DistroConfig{syncDelayMillis=1000, syncTimeoutMillis=3000, syncRetryDelayMillis=3000, verifyIntervalMillis=5000, verifyTimeoutMillis=3000, loadDataRetryDelayMillis=30000}

2022-11-04 20:02:35,423 INFO HikariPool-1 - Starting...

2022-11-04 20:02:35,426 WARN Registered driver with driverClassName=org.apache.derby.jdbc.EmbeddedDriver was not found, trying direct instantiation.

2022-11-04 20:02:35,742 INFO HikariPool-1 - Driver does not support get/set network timeout for connections. (Feature not implemented: No details.)

2022-11-04 20:02:35,745 INFO HikariPool-1 - Start completed.

2022-11-04 20:02:37,910 INFO Adding welcome page: class path resource [static/index.html]

2022-11-04 20:02:38,161 WARN You are asking Spring Security to ignore Ant [pattern='/**']. This is not recommended -- please use permitAll via HttpSecurity#authorizeHttpRequests instead.

2022-11-04 20:02:38,163 INFO Will not secure Ant [pattern='/**']

2022-11-04 20:02:38,189 INFO Will secure any request with [org.springframework.security.web.context.request.async.WebAsyncManagerIntegrationFilter@5dbe30be, org.springframework.security.web.context.SecurityContextPersistenceFilter@475835b1, org.springframework.security.web.header.HeaderWriterFilter@fd0e5b6, org.springframework.security.web.csrf.CsrfFilter@44c79f32, org.springframework.security.web.authentication.logout.LogoutFilter@72bd06ca, org.springframework.security.web.savedrequest.RequestCacheAwareFilter@5241cf67, org.springframework.security.web.servletapi.SecurityContextHolderAwareRequestFilter@77192705, org.springframework.security.web.authentication.AnonymousAuthenticationFilter@4fe89c24, org.springframework.security.web.session.SessionManagementFilter@36b0fcd5, org.springframework.security.web.access.ExceptionTranslationFilter@4c168660]

2022-11-04 20:02:38,210 INFO Exposing 1 endpoint(s) beneath base path '/actuator'

2022-11-04 20:02:38,250 INFO Tomcat started on port(s): 8848 (http) with context path '/nacos'

2022-11-04 20:02:38,292 INFO Started Nacos in 6.725 seconds (JVM running for 7.331)

2022-11-04 20:02:38,293 INFO Nacos started successfully in stand alone mode. use embedded storage

2022-11-04 20:02:52,596 INFO Initializing Spring DispatcherServlet 'dispatcherServlet'

2022-11-04 20:02:52,598 INFO Initializing Servlet 'dispatcherServlet'

2022-11-04 20:02:52,601 INFO Completed initialization in 1 ms

2022-11-04 20:09:05,089 WARN [ThreadPoolManager] Start destroying ThreadPool

2022-11-04 20:09:05,091 WARN [WatchFileCenter] start close

2022-11-04 20:09:05,100 WARN [WatchFileCenter] start to shutdown this watcher which is watch : /home/nacos/data/tps

2022-11-04 20:09:05,091 WARN [NotifyCenter] Start destroying Publisher

2022-11-04 20:09:05,098 WARN [HttpClientBeanHolder] Start destroying common HttpClient

2022-11-04 20:09:05,103 WARN [HttpClientBeanHolder] Destruction of the end

2022-11-04 20:09:05,098 WARN [ConfigServer-HttpClientManager] Start destroying NacosRestTemplate

2022-11-04 20:09:05,101 WARN [WatchFileCenter] start to shutdown this watcher which is watch : /home/nacos/conf

2022-11-04 20:09:05,102 WARN [NotifyCenter] Destruction of the end

2022-11-04 20:09:05,107 WARN [WatchFileCenter] start to shutdown this watcher which is watch : /home/nacos/data/loader

2022-11-04 20:09:05,110 WARN [WatchFileCenter] already closed

2022-11-04 20:09:05,108 WARN [ConfigServer-HttpClientManager] Destruction of the end

