2022-11-04 20:02:37,267 INFO Connection check task start

2022-11-04 20:02:37,281 INFO Total count =0, sdkCount=0,clusterCount=0, currentLimit=-1, toExpelCount=0

2022-11-04 20:02:37,283 INFO Check over limit for ip limit rule, over limit ip count=0

2022-11-04 20:02:37,284 INFO Out dated connection ,size=0

2022-11-04 20:02:37,287 INFO Connection check task end

2022-11-04 20:02:40,287 INFO Connection check task start

2022-11-04 20:02:40,299 INFO Total count =0, sdkCount=0,clusterCount=0, currentLimit=-1, toExpelCount=0

2022-11-04 20:02:40,303 INFO Check over limit for ip limit rule, over limit ip count=0

2022-11-04 20:02:40,309 INFO Out dated connection ,size=0

2022-11-04 20:02:40,311 INFO Connection check task end

2022-11-04 20:02:43,313 INFO Connection check task start

2022-11-04 20:02:43,318 INFO Total count =0, sdkCount=0,clusterCount=0, currentLimit=-1, toExpelCount=0

2022-11-04 20:02:43,323 INFO Check over limit for ip limit rule, over limit ip count=0

2022-11-04 20:02:43,324 INFO Out dated connection ,size=0

2022-11-04 20:02:43,326 INFO Connection check task end

2022-11-04 20:02:46,329 INFO Connection check task start

2022-11-04 20:02:46,332 INFO Total count =0, sdkCount=0,clusterCount=0, currentLimit=-1, toExpelCount=0

2022-11-04 20:02:46,334 INFO Check over limit for ip limit rule, over limit ip count=0

2022-11-04 20:02:46,335 INFO Out dated connection ,size=0

2022-11-04 20:02:46,336 INFO Connection check task end

2022-11-04 20:02:49,338 INFO Connection check task start

2022-11-04 20:02:49,348 INFO Total count =0, sdkCount=0,clusterCount=0, currentLimit=-1, toExpelCount=0

2022-11-04 20:02:49,362 INFO Check over limit for ip limit rule, over limit ip count=0

2022-11-04 20:02:49,364 INFO Out dated connection ,size=0

2022-11-04 20:02:49,367 INFO Connection check task end

2022-11-04 20:02:52,371 INFO Connection check task start

2022-11-04 20:02:52,392 INFO Total count =0, sdkCount=0,clusterCount=0, currentLimit=-1, toExpelCount=0

2022-11-04 20:02:52,402 INFO Check over limit for ip limit rule, over limit ip count=0

2022-11-04 20:02:52,408 INFO Out dated connection ,size=0

2022-11-04 20:02:52,410 INFO Connection check task end

2022-11-04 20:02:55,413 INFO Connection check task start

2022-11-04 20:02:55,435 INFO Total count =0, sdkCount=0,clusterCount=0, currentLimit=-1, toExpelCount=0

2022-11-04 20:02:55,440 INFO Check over limit for ip limit rule, over limit ip count=0

2022-11-04 20:02:55,442 INFO Out dated connection ,size=0

2022-11-04 20:02:55,444 INFO Connection check task end

2022-11-04 20:02:58,452 INFO Connection check task start

2022-11-04 20:02:58,471 INFO Total count =0, sdkCount=0,clusterCount=0, currentLimit=-1, toExpelCount=0

2022-11-04 20:02:58,481 INFO Check over limit for ip limit rule, over limit ip count=0

2022-11-04 20:02:58,487 INFO Out dated connection ,size=0

2022-11-04 20:02:58,489 INFO Connection check task end

2022-11-04 20:03:01,494 INFO Connection check task start

2022-11-04 20:03:01,504 INFO Total count =0, sdkCount=0,clusterCount=0, currentLimit=-1, toExpelCount=0

2022-11-04 20:03:01,513 INFO Check over limit for ip limit rule, over limit ip count=0

2022-11-04 20:03:01,518 INFO Out dated connection ,size=0

2022-11-04 20:03:01,523 INFO Connection check task end

2022-11-04 20:03:04,528 INFO Connection check task start

2022-11-04 20:03:04,542 INFO Total count =0, sdkCount=0,clusterCount=0, currentLimit=-1, toExpelCount=0

2022-11-04 20:03:04,548 INFO Check over limit for ip limit rule, over limit ip count=0

2022-11-04 20:03:04,557 INFO Out dated connection ,size=0

2022-11-04 20:03:04,560 INFO Connection check task end

2022-11-04 20:03:07,562 INFO Connection check task start

2022-11-04 20:03:07,569 INFO Total count =0, sdkCount=0,clusterCount=0, currentLimit=-1, toExpelCount=0

2022-11-04 20:03:07,571 INFO Check over limit for ip limit rule, over limit ip count=0

2022-11-04 20:03:07,572 INFO Out dated connection ,size=0

2022-11-04 20:03:07,574 INFO Connection check task end

2022-11-04 20:03:10,575 INFO Connection check task start

2022-11-04 20:03:10,583 INFO Total count =0, sdkCount=0,clusterCount=0, currentLimit=-1, toExpelCount=0

2022-11-04 20:03:10,591 INFO Check over limit for ip limit rule, over limit ip count=0

2022-11-04 20:03:10,593 INFO Out dated connection ,size=0

2022-11-04 20:03:10,596 INFO Connection check task end

2022-11-04 20:03:13,605 INFO Connection check task start

2022-11-04 20:03:13,618 INFO Total count =0, sdkCount=0,clusterCount=0, currentLimit=-1, toExpelCount=0

2022-11-04 20:03:13,626 INFO Check over limit for ip limit rule, over limit ip count=0

2022-11-04 20:03:13,630 INFO Out dated connection ,size=0

2022-11-04 20:03:13,635 INFO Connection check task end

2022-11-04 20:03:16,643 INFO Connection check task start

2022-11-04 20:03:16,656 INFO Total count =0, sdkCount=0,clusterCount=0, currentLimit=-1, toExpelCount=0

2022-11-04 20:03:16,660 INFO Check over limit for ip limit rule, over limit ip count=0

2022-11-04 20:03:16,664 INFO Out dated connection ,size=0

2022-11-04 20:03:16,666 INFO Connection check task end

2022-11-04 20:03:19,671 INFO Connection check task start

2022-11-04 20:03:19,682 INFO Total count =0, sdkCount=0,clusterCount=0, currentLimit=-1, toExpelCount=0

2022-11-04 20:03:19,690 INFO Check over limit for ip limit rule, over limit ip count=0

2022-11-04 20:03:19,691 INFO Out dated connection ,size=0

2022-11-04 20:03:19,694 INFO Connection check task end

2022-11-04 20:03:22,696 INFO Connection check task start

2022-11-04 20:03:22,716 INFO Total count =0, sdkCount=0,clusterCount=0, currentLimit=-1, toExpelCount=0

2022-11-04 20:03:22,723 INFO Check over limit for ip limit rule, over limit ip count=0

2022-11-04 20:03:22,729 INFO Out dated connection ,size=0

2022-11-04 20:03:22,731 INFO Connection check task end

2022-11-04 20:03:25,735 INFO Connection check task start

2022-11-04 20:03:25,737 INFO Total count =0, sdkCount=0,clusterCount=0, currentLimit=-1, toExpelCount=0

2022-11-04 20:03:25,739 INFO Check over limit for ip limit rule, over limit ip count=0

2022-11-04 20:03:25,740 INFO Out dated connection ,size=0

2022-11-04 20:03:25,741 INFO Connection check task end

2022-11-04 20:03:28,745 INFO Connection check task start

2022-11-04 20:03:28,758 INFO Total count =0, sdkCount=0,clusterCount=0, currentLimit=-1, toExpelCount=0

2022-11-04 20:03:28,767 INFO Check over limit for ip limit rule, over limit ip count=0

2022-11-04 20:03:28,770 INFO Out dated connection ,size=0

2022-11-04 20:03:28,772 INFO Connection check task end

2022-11-04 20:03:31,776 INFO Connection check task start

2022-11-04 20:03:31,787 INFO Total count =0, sdkCount=0,clusterCount=0, currentLimit=-1, toExpelCount=0

2022-11-04 20:03:31,792 INFO Check over limit for ip limit rule, over limit ip count=0

2022-11-04 20:03:31,796 INFO Out dated connection ,size=0

2022-11-04 20:03:31,809 INFO Connection check task end

2022-11-04 20:03:34,813 INFO Connection check task start

2022-11-04 20:03:34,838 INFO Total count =0, sdkCount=0,clusterCount=0, currentLimit=-1, toExpelCount=0

2022-11-04 20:03:34,841 INFO Check over limit for ip limit rule, over limit ip count=0

2022-11-04 20:03:34,842 INFO Out dated connection ,size=0

2022-11-04 20:03:34,843 INFO Connection check task end

2022-11-04 20:03:37,847 INFO Connection check task start

2022-11-04 20:03:37,851 INFO Total count =0, sdkCount=0,clusterCount=0, currentLimit=-1, toExpelCount=0

2022-11-04 20:03:37,855 INFO Check over limit for ip limit rule, over limit ip count=0

2022-11-04 20:03:37,857 INFO Out dated connection ,size=0

2022-11-04 20:03:37,861 INFO Connection check task end

2022-11-04 20:03:40,875 INFO Connection check task start

2022-11-04 20:03:40,891 INFO Total count =0, sdkCount=0,clusterCount=0, currentLimit=-1, toExpelCount=0

2022-11-04 20:03:40,896 INFO Check over limit for ip limit rule, over limit ip count=0

2022-11-04 20:03:40,901 INFO Out dated connection ,size=0

2022-11-04 20:03:40,902 INFO Connection check task end

2022-11-04 20:03:43,905 INFO Connection check task start

2022-11-04 20:03:43,919 INFO Total count =0, sdkCount=0,clusterCount=0, currentLimit=-1, toExpelCount=0

2022-11-04 20:03:43,926 INFO Check over limit for ip limit rule, over limit ip count=0

2022-11-04 20:03:43,927 INFO Out dated connection ,size=0

2022-11-04 20:03:43,931 INFO Connection check task end

2022-11-04 20:03:46,939 INFO Connection check task start

2022-11-04 20:03:46,952 INFO Total count =0, sdkCount=0,clusterCount=0, currentLimit=-1, toExpelCount=0

2022-11-04 20:03:46,956 INFO Check over limit for ip limit rule, over limit ip count=0

2022-11-04 20:03:46,961 INFO Out dated connection ,size=0

2022-11-04 20:03:46,966 INFO Connection check task end

2022-11-04 20:03:49,972 INFO Connection check task start

2022-11-04 20:03:49,982 INFO Total count =0, sdkCount=0,clusterCount=0, currentLimit=-1, toExpelCount=0

2022-11-04 20:03:49,992 INFO Check over limit for ip limit rule, over limit ip count=0

2022-11-04 20:03:49,994 INFO Out dated connection ,size=0

2022-11-04 20:03:49,996 INFO Connection check task end

2022-11-04 20:03:53,000 INFO Connection check task start

2022-11-04 20:03:53,011 INFO Total count =0, sdkCount=0,clusterCount=0, currentLimit=-1, toExpelCount=0

2022-11-04 20:03:53,017 INFO Check over limit for ip limit rule, over limit ip count=0

2022-11-04 20:03:53,022 INFO Out dated connection ,size=0

2022-11-04 20:03:53,024 INFO Connection check task end

2022-11-04 20:03:56,026 INFO Connection check task start

2022-11-04 20:03:56,038 INFO Total count =0, sdkCount=0,clusterCount=0, currentLimit=-1, toExpelCount=0

2022-11-04 20:03:56,046 INFO Check over limit for ip limit rule, over limit ip count=0

2022-11-04 20:03:56,048 INFO Out dated connection ,size=0

2022-11-04 20:03:56,053 INFO Connection check task end

2022-11-04 20:03:59,057 INFO Connection check task start

2022-11-04 20:03:59,082 INFO Total count =0, sdkCount=0,clusterCount=0, currentLimit=-1, toExpelCount=0

2022-11-04 20:03:59,086 INFO Check over limit for ip limit rule, over limit ip count=0

2022-11-04 20:03:59,088 INFO Out dated connection ,size=0

2022-11-04 20:03:59,089 INFO Connection check task end

2022-11-04 20:04:02,094 INFO Connection check task start

2022-11-04 20:04:02,106 INFO Total count =0, sdkCount=0,clusterCount=0, currentLimit=-1, toExpelCount=0

2022-11-04 20:04:02,122 INFO Check over limit for ip limit rule, over limit ip count=0

2022-11-04 20:04:02,124 INFO Out dated connection ,size=0

2022-11-04 20:04:02,127 INFO Connection check task end

2022-11-04 20:04:05,134 INFO Connection check task start

2022-11-04 20:04:05,143 INFO Total count =0, sdkCount=0,clusterCount=0, currentLimit=-1, toExpelCount=0

2022-11-04 20:04:05,146 INFO Check over limit for ip limit rule, over limit ip count=0

2022-11-04 20:04:05,150 INFO Out dated connection ,size=0

2022-11-04 20:04:05,154 INFO Connection check task end

2022-11-04 20:04:08,160 INFO Connection check task start

2022-11-04 20:04:08,172 INFO Total count =0, sdkCount=0,clusterCount=0, currentLimit=-1, toExpelCount=0

2022-11-04 20:04:08,182 INFO Check over limit for ip limit rule, over limit ip count=0

2022-11-04 20:04:08,185 INFO Out dated connection ,size=0

2022-11-04 20:04:08,188 INFO Connection check task end

2022-11-04 20:04:11,191 INFO Connection check task start

2022-11-04 20:04:11,198 INFO Total count =0, sdkCount=0,clusterCount=0, currentLimit=-1, toExpelCount=0

2022-11-04 20:04:11,199 INFO Check over limit for ip limit rule, over limit ip count=0

2022-11-04 20:04:11,202 INFO Out dated connection ,size=0

2022-11-04 20:04:11,204 INFO Connection check task end

2022-11-04 20:04:14,208 INFO Connection check task start

2022-11-04 20:04:14,227 INFO Total count =0, sdkCount=0,clusterCount=0, currentLimit=-1, toExpelCount=0

2022-11-04 20:04:14,241 INFO Check over limit for ip limit rule, over limit ip count=0

2022-11-04 20:04:14,243 INFO Out dated connection ,size=0

2022-11-04 20:04:14,248 INFO Connection check task end

2022-11-04 20:04:17,265 INFO Connection check task start

2022-11-04 20:04:17,271 INFO Total count =0, sdkCount=0,clusterCount=0, currentLimit=-1, toExpelCount=0

2022-11-04 20:04:17,272 INFO Check over limit for ip limit rule, over limit ip count=0

2022-11-04 20:04:17,277 INFO Out dated connection ,size=0

2022-11-04 20:04:17,278 INFO Connection check task end

2022-11-04 20:04:20,280 INFO Connection check task start

2022-11-04 20:04:20,286 INFO Total count =0, sdkCount=0,clusterCount=0, currentLimit=-1, toExpelCount=0

2022-11-04 20:04:20,290 INFO Check over limit for ip limit rule, over limit ip count=0

2022-11-04 20:04:20,292 INFO Out dated connection ,size=0

2022-11-04 20:04:20,295 INFO Connection check task end

2022-11-04 20:04:23,297 INFO Connection check task start

2022-11-04 20:04:23,311 INFO Total count =0, sdkCount=0,clusterCount=0, currentLimit=-1, toExpelCount=0

2022-11-04 20:04:23,322 INFO Check over limit for ip limit rule, over limit ip count=0

2022-11-04 20:04:23,324 INFO Out dated connection ,size=0

2022-11-04 20:04:23,326 INFO Connection check task end

2022-11-04 20:04:26,331 INFO Connection check task start

2022-11-04 20:04:26,335 INFO Total count =0, sdkCount=0,clusterCount=0, currentLimit=-1, toExpelCount=0

2022-11-04 20:04:26,337 INFO Check over limit for ip limit rule, over limit ip count=0

2022-11-04 20:04:26,338 INFO Out dated connection ,size=0

2022-11-04 20:04:26,340 INFO Connection check task end

2022-11-04 20:04:29,344 INFO Connection check task start

2022-11-04 20:04:29,357 INFO Total count =0, sdkCount=0,clusterCount=0, currentLimit=-1, toExpelCount=0

2022-11-04 20:04:29,361 INFO Check over limit for ip limit rule, over limit ip count=0

2022-11-04 20:04:29,365 INFO Out dated connection ,size=0

2022-11-04 20:04:29,367 INFO Connection check task end

2022-11-04 20:04:32,369 INFO Connection check task start

2022-11-04 20:04:32,373 INFO Total count =0, sdkCount=0,clusterCount=0, currentLimit=-1, toExpelCount=0

2022-11-04 20:04:32,375 INFO Check over limit for ip limit rule, over limit ip count=0

2022-11-04 20:04:32,375 INFO Out dated connection ,size=0

2022-11-04 20:04:32,378 INFO Connection check task end

2022-11-04 20:04:35,383 INFO Connection check task start

2022-11-04 20:04:35,393 INFO Total count =0, sdkCount=0,clusterCount=0, currentLimit=-1, toExpelCount=0

2022-11-04 20:04:35,396 INFO Check over limit for ip limit rule, over limit ip count=0

2022-11-04 20:04:35,398 INFO Out dated connection ,size=0

2022-11-04 20:04:35,399 INFO Connection check task end

2022-11-04 20:04:38,405 INFO Connection check task start

2022-11-04 20:04:38,425 INFO Total count =0, sdkCount=0,clusterCount=0, currentLimit=-1, toExpelCount=0

2022-11-04 20:04:38,428 INFO Check over limit for ip limit rule, over limit ip count=0

2022-11-04 20:04:38,430 INFO Out dated connection ,size=0

2022-11-04 20:04:38,434 INFO Connection check task end

2022-11-04 20:04:41,437 INFO Connection check task start

2022-11-04 20:04:41,449 INFO Total count =0, sdkCount=0,clusterCount=0, currentLimit=-1, toExpelCount=0

2022-11-04 20:04:41,452 INFO Check over limit for ip limit rule, over limit ip count=0

2022-11-04 20:04:41,457 INFO Out dated connection ,size=0

2022-11-04 20:04:41,460 INFO Connection check task end

2022-11-04 20:04:44,464 INFO Connection check task start

2022-11-04 20:04:44,477 INFO Total count =0, sdkCount=0,clusterCount=0, currentLimit=-1, toExpelCount=0

2022-11-04 20:04:44,484 INFO Check over limit for ip limit rule, over limit ip count=0

2022-11-04 20:04:44,487 INFO Out dated connection ,size=0

2022-11-04 20:04:44,494 INFO Connection check task end

2022-11-04 20:04:47,501 INFO Connection check task start

2022-11-04 20:04:47,505 INFO Total count =0, sdkCount=0,clusterCount=0, currentLimit=-1, toExpelCount=0

2022-11-04 20:04:47,507 INFO Check over limit for ip limit rule, over limit ip count=0

2022-11-04 20:04:47,508 INFO Out dated connection ,size=0

2022-11-04 20:04:47,508 INFO Connection check task end

2022-11-04 20:04:50,512 INFO Connection check task start

2022-11-04 20:04:50,527 INFO Total count =0, sdkCount=0,clusterCount=0, currentLimit=-1, toExpelCount=0

2022-11-04 20:04:50,536 INFO Check over limit for ip limit rule, over limit ip count=0

2022-11-04 20:04:50,538 INFO Out dated connection ,size=0

2022-11-04 20:04:50,542 INFO Connection check task end

2022-11-04 20:04:53,546 INFO Connection check task start

2022-11-04 20:04:53,564 INFO Total count =0, sdkCount=0,clusterCount=0, currentLimit=-1, toExpelCount=0

2022-11-04 20:04:53,568 INFO Check over limit for ip limit rule, over limit ip count=0

2022-11-04 20:04:53,571 INFO Out dated connection ,size=0

2022-11-04 20:04:53,572 INFO Connection check task end

2022-11-04 20:04:56,575 INFO Connection check task start

2022-11-04 20:04:56,584 INFO Total count =0, sdkCount=0,clusterCount=0, currentLimit=-1, toExpelCount=0

2022-11-04 20:04:56,587 INFO Check over limit for ip limit rule, over limit ip count=0

2022-11-04 20:04:56,588 INFO Out dated connection ,size=0

2022-11-04 20:04:56,591 INFO Connection check task end

2022-11-04 20:04:59,596 INFO Connection check task start

2022-11-04 20:04:59,599 INFO Total count =0, sdkCount=0,clusterCount=0, currentLimit=-1, toExpelCount=0

2022-11-04 20:04:59,600 INFO Check over limit for ip limit rule, over limit ip count=0

2022-11-04 20:04:59,601 INFO Out dated connection ,size=0

2022-11-04 20:04:59,602 INFO Connection check task end

2022-11-04 20:05:02,603 INFO Connection check task start

2022-11-04 20:05:02,612 INFO Total count =0, sdkCount=0,clusterCount=0, currentLimit=-1, toExpelCount=0

2022-11-04 20:05:02,617 INFO Check over limit for ip limit rule, over limit ip count=0

2022-11-04 20:05:02,618 INFO Out dated connection ,size=0

2022-11-04 20:05:02,624 INFO Connection check task end

2022-11-04 20:05:05,627 INFO Connection check task start

2022-11-04 20:05:05,632 INFO Total count =0, sdkCount=0,clusterCount=0, currentLimit=-1, toExpelCount=0

2022-11-04 20:05:05,634 INFO Check over limit for ip limit rule, over limit ip count=0

2022-11-04 20:05:05,637 INFO Out dated connection ,size=0

2022-11-04 20:05:05,639 INFO Connection check task end

2022-11-04 20:05:08,645 INFO Connection check task start

2022-11-04 20:05:08,653 INFO Total count =0, sdkCount=0,clusterCount=0, currentLimit=-1, toExpelCount=0

2022-11-04 20:05:08,657 INFO Check over limit for ip limit rule, over limit ip count=0

2022-11-04 20:05:08,659 INFO Out dated connection ,size=0

2022-11-04 20:05:08,662 INFO Connection check task end

2022-11-04 20:05:11,664 INFO Connection check task start

2022-11-04 20:05:11,668 INFO Total count =0, sdkCount=0,clusterCount=0, currentLimit=-1, toExpelCount=0

2022-11-04 20:05:11,670 INFO Check over limit for ip limit rule, over limit ip count=0

2022-11-04 20:05:11,671 INFO Out dated connection ,size=0

2022-11-04 20:05:11,672 INFO Connection check task end

2022-11-04 20:05:14,677 INFO Connection check task start

2022-11-04 20:05:14,685 INFO Total count =0, sdkCount=0,clusterCount=0, currentLimit=-1, toExpelCount=0

2022-11-04 20:05:14,689 INFO Check over limit for ip limit rule, over limit ip count=0

2022-11-04 20:05:14,691 INFO Out dated connection ,size=0

2022-11-04 20:05:14,694 INFO Connection check task end

2022-11-04 20:05:17,697 INFO Connection check task start

2022-11-04 20:05:17,703 INFO Total count =0, sdkCount=0,clusterCount=0, currentLimit=-1, toExpelCount=0

2022-11-04 20:05:17,705 INFO Check over limit for ip limit rule, over limit ip count=0

2022-11-04 20:05:17,709 INFO Out dated connection ,size=0

2022-11-04 20:05:17,711 INFO Connection check task end

2022-11-04 20:05:20,712 INFO Connection check task start

2022-11-04 20:05:20,716 INFO Total count =0, sdkCount=0,clusterCount=0, currentLimit=-1, toExpelCount=0

2022-11-04 20:05:20,718 INFO Check over limit for ip limit rule, over limit ip count=0

2022-11-04 20:05:20,719 INFO Out dated connection ,size=0

2022-11-04 20:05:20,721 INFO Connection check task end

2022-11-04 20:05:23,722 INFO Connection check task start

2022-11-04 20:05:23,727 INFO Total count =0, sdkCount=0,clusterCount=0, currentLimit=-1, toExpelCount=0

2022-11-04 20:05:23,728 INFO Check over limit for ip limit rule, over limit ip count=0

2022-11-04 20:05:23,730 INFO Out dated connection ,size=0

2022-11-04 20:05:23,732 INFO Connection check task end

2022-11-04 20:05:26,739 INFO Connection check task start

2022-11-04 20:05:26,742 INFO Total count =0, sdkCount=0,clusterCount=0, currentLimit=-1, toExpelCount=0

2022-11-04 20:05:26,743 INFO Check over limit for ip limit rule, over limit ip count=0

2022-11-04 20:05:26,744 INFO Out dated connection ,size=0

2022-11-04 20:05:26,745 INFO Connection check task end

2022-11-04 20:05:29,748 INFO Connection check task start

2022-11-04 20:05:29,756 INFO Total count =0, sdkCount=0,clusterCount=0, currentLimit=-1, toExpelCount=0

2022-11-04 20:05:29,758 INFO Check over limit for ip limit rule, over limit ip count=0

2022-11-04 20:05:29,761 INFO Out dated connection ,size=0

2022-11-04 20:05:29,763 INFO Connection check task end

2022-11-04 20:05:32,769 INFO Connection check task start

2022-11-04 20:05:32,777 INFO Total count =0, sdkCount=0,clusterCount=0, currentLimit=-1, toExpelCount=0

2022-11-04 20:05:32,780 INFO Check over limit for ip limit rule, over limit ip count=0

2022-11-04 20:05:32,782 INFO Out dated connection ,size=0

2022-11-04 20:05:32,784 INFO Connection check task end

2022-11-04 20:05:35,787 INFO Connection check task start

2022-11-04 20:05:35,794 INFO Total count =0, sdkCount=0,clusterCount=0, currentLimit=-1, toExpelCount=0

2022-11-04 20:05:35,796 INFO Check over limit for ip limit rule, over limit ip count=0

2022-11-04 20:05:35,797 INFO Out dated connection ,size=0

2022-11-04 20:05:35,799 INFO Connection check task end

2022-11-04 20:05:38,804 INFO Connection check task start

2022-11-04 20:05:38,808 INFO Total count =0, sdkCount=0,clusterCount=0, currentLimit=-1, toExpelCount=0

2022-11-04 20:05:38,811 INFO Check over limit for ip limit rule, over limit ip count=0

2022-11-04 20:05:38,813 INFO Out dated connection ,size=0

2022-11-04 20:05:38,815 INFO Connection check task end

2022-11-04 20:05:41,816 INFO Connection check task start

2022-11-04 20:05:41,830 INFO Total count =0, sdkCount=0,clusterCount=0, currentLimit=-1, toExpelCount=0

2022-11-04 20:05:41,834 INFO Check over limit for ip limit rule, over limit ip count=0

2022-11-04 20:05:41,845 INFO Out dated connection ,size=0

2022-11-04 20:05:41,846 INFO Connection check task end

2022-11-04 20:05:44,848 INFO Connection check task start

2022-11-04 20:05:44,868 INFO Total count =0, sdkCount=0,clusterCount=0, currentLimit=-1, toExpelCount=0

2022-11-04 20:05:44,873 INFO Check over limit for ip limit rule, over limit ip count=0

2022-11-04 20:05:44,875 INFO Out dated connection ,size=0

2022-11-04 20:05:44,878 INFO Connection check task end

2022-11-04 20:05:47,883 INFO Connection check task start

2022-11-04 20:05:47,901 INFO Total count =0, sdkCount=0,clusterCount=0, currentLimit=-1, toExpelCount=0

2022-11-04 20:05:47,907 INFO Check over limit for ip limit rule, over limit ip count=0

2022-11-04 20:05:47,910 INFO Out dated connection ,size=0

2022-11-04 20:05:47,912 INFO Connection check task end

2022-11-04 20:05:50,918 INFO Connection check task start

2022-11-04 20:05:50,936 INFO Total count =0, sdkCount=0,clusterCount=0, currentLimit=-1, toExpelCount=0

2022-11-04 20:05:50,942 INFO Check over limit for ip limit rule, over limit ip count=0

2022-11-04 20:05:50,944 INFO Out dated connection ,size=0

2022-11-04 20:05:50,947 INFO Connection check task end

2022-11-04 20:05:53,953 INFO Connection check task start

2022-11-04 20:05:53,967 INFO Total count =0, sdkCount=0,clusterCount=0, currentLimit=-1, toExpelCount=0

2022-11-04 20:05:53,973 INFO Check over limit for ip limit rule, over limit ip count=0

2022-11-04 20:05:53,979 INFO Out dated connection ,size=0

2022-11-04 20:05:53,980 INFO Connection check task end

2022-11-04 20:05:56,984 INFO Connection check task start

2022-11-04 20:05:56,997 INFO Total count =0, sdkCount=0,clusterCount=0, currentLimit=-1, toExpelCount=0

2022-11-04 20:05:57,004 INFO Check over limit for ip limit rule, over limit ip count=0

2022-11-04 20:05:57,008 INFO Out dated connection ,size=0

2022-11-04 20:05:57,012 INFO Connection check task end

2022-11-04 20:06:00,013 INFO Connection check task start

2022-11-04 20:06:00,018 INFO Total count =0, sdkCount=0,clusterCount=0, currentLimit=-1, toExpelCount=0

2022-11-04 20:06:00,021 INFO Check over limit for ip limit rule, over limit ip count=0

2022-11-04 20:06:00,022 INFO Out dated connection ,size=0

2022-11-04 20:06:00,022 INFO Connection check task end

2022-11-04 20:06:03,025 INFO Connection check task start

2022-11-04 20:06:03,047 INFO Total count =0, sdkCount=0,clusterCount=0, currentLimit=-1, toExpelCount=0

2022-11-04 20:06:03,050 INFO Check over limit for ip limit rule, over limit ip count=0

2022-11-04 20:06:03,052 INFO Out dated connection ,size=0

2022-11-04 20:06:03,055 INFO Connection check task end

2022-11-04 20:06:06,056 INFO Connection check task start

2022-11-04 20:06:06,063 INFO Total count =0, sdkCount=0,clusterCount=0, currentLimit=-1, toExpelCount=0

2022-11-04 20:06:06,066 INFO Check over limit for ip limit rule, over limit ip count=0

2022-11-04 20:06:06,073 INFO Out dated connection ,size=0

2022-11-04 20:06:06,076 INFO Connection check task end

2022-11-04 20:06:09,082 INFO Connection check task start

2022-11-04 20:06:09,095 INFO Total count =0, sdkCount=0,clusterCount=0, currentLimit=-1, toExpelCount=0

2022-11-04 20:06:09,102 INFO Check over limit for ip limit rule, over limit ip count=0

2022-11-04 20:06:09,104 INFO Out dated connection ,size=0

2022-11-04 20:06:09,108 INFO Connection check task end

2022-11-04 20:06:12,113 INFO Connection check task start

2022-11-04 20:06:12,140 INFO Total count =0, sdkCount=0,clusterCount=0, currentLimit=-1, toExpelCount=0

2022-11-04 20:06:12,146 INFO Check over limit for ip limit rule, over limit ip count=0

2022-11-04 20:06:12,147 INFO Out dated connection ,size=0

2022-11-04 20:06:12,152 INFO Connection check task end

2022-11-04 20:06:15,155 INFO Connection check task start

2022-11-04 20:06:15,168 INFO Total count =0, sdkCount=0,clusterCount=0, currentLimit=-1, toExpelCount=0

2022-11-04 20:06:15,175 INFO Check over limit for ip limit rule, over limit ip count=0

2022-11-04 20:06:15,176 INFO Out dated connection ,size=0

2022-11-04 20:06:15,179 INFO Connection check task end

2022-11-04 20:06:18,181 INFO Connection check task start

2022-11-04 20:06:18,185 INFO Total count =0, sdkCount=0,clusterCount=0, currentLimit=-1, toExpelCount=0

2022-11-04 20:06:18,187 INFO Check over limit for ip limit rule, over limit ip count=0

2022-11-04 20:06:18,193 INFO Out dated connection ,size=0

2022-11-04 20:06:18,194 INFO Connection check task end

2022-11-04 20:06:21,196 INFO Connection check task start

2022-11-04 20:06:21,199 INFO Total count =0, sdkCount=0,clusterCount=0, currentLimit=-1, toExpelCount=0

2022-11-04 20:06:21,200 INFO Check over limit for ip limit rule, over limit ip count=0

2022-11-04 20:06:21,201 INFO Out dated connection ,size=0

2022-11-04 20:06:21,203 INFO Connection check task end

2022-11-04 20:06:24,204 INFO Connection check task start

2022-11-04 20:06:24,210 INFO Total count =0, sdkCount=0,clusterCount=0, currentLimit=-1, toExpelCount=0

2022-11-04 20:06:24,218 INFO Check over limit for ip limit rule, over limit ip count=0

2022-11-04 20:06:24,220 INFO Out dated connection ,size=0

2022-11-04 20:06:24,222 INFO Connection check task end

2022-11-04 20:06:27,226 INFO Connection check task start

2022-11-04 20:06:27,233 INFO Total count =0, sdkCount=0,clusterCount=0, currentLimit=-1, toExpelCount=0

2022-11-04 20:06:27,247 INFO Check over limit for ip limit rule, over limit ip count=0

2022-11-04 20:06:27,248 INFO Out dated connection ,size=0

2022-11-04 20:06:27,252 INFO Connection check task end

2022-11-04 20:06:30,254 INFO Connection check task start

2022-11-04 20:06:30,265 INFO Total count =0, sdkCount=0,clusterCount=0, currentLimit=-1, toExpelCount=0

2022-11-04 20:06:30,268 INFO Check over limit for ip limit rule, over limit ip count=0

2022-11-04 20:06:30,274 INFO Out dated connection ,size=0

2022-11-04 20:06:30,276 INFO Connection check task end

2022-11-04 20:06:33,282 INFO Connection check task start

2022-11-04 20:06:33,293 INFO Total count =0, sdkCount=0,clusterCount=0, currentLimit=-1, toExpelCount=0

2022-11-04 20:06:33,298 INFO Check over limit for ip limit rule, over limit ip count=0

2022-11-04 20:06:33,299 INFO Out dated connection ,size=0

2022-11-04 20:06:33,303 INFO Connection check task end

2022-11-04 20:06:36,306 INFO Connection check task start

2022-11-04 20:06:36,314 INFO Total count =0, sdkCount=0,clusterCount=0, currentLimit=-1, toExpelCount=0

2022-11-04 20:06:36,317 INFO Check over limit for ip limit rule, over limit ip count=0

2022-11-04 20:06:36,320 INFO Out dated connection ,size=0

2022-11-04 20:06:36,323 INFO Connection check task end

2022-11-04 20:06:39,334 INFO Connection check task start

2022-11-04 20:06:39,346 INFO Total count =0, sdkCount=0,clusterCount=0, currentLimit=-1, toExpelCount=0

2022-11-04 20:06:39,355 INFO Check over limit for ip limit rule, over limit ip count=0

2022-11-04 20:06:39,356 INFO Out dated connection ,size=0

2022-11-04 20:06:39,360 INFO Connection check task end

2022-11-04 20:06:42,362 INFO Connection check task start

2022-11-04 20:06:42,376 INFO Total count =0, sdkCount=0,clusterCount=0, currentLimit=-1, toExpelCount=0

2022-11-04 20:06:42,379 INFO Check over limit for ip limit rule, over limit ip count=0

2022-11-04 20:06:42,389 INFO Out dated connection ,size=0

2022-11-04 20:06:42,391 INFO Connection check task end

2022-11-04 20:06:45,394 INFO Connection check task start

2022-11-04 20:06:45,405 INFO Total count =0, sdkCount=0,clusterCount=0, currentLimit=-1, toExpelCount=0

2022-11-04 20:06:45,413 INFO Check over limit for ip limit rule, over limit ip count=0

2022-11-04 20:06:45,415 INFO Out dated connection ,size=0

2022-11-04 20:06:45,419 INFO Connection check task end

2022-11-04 20:06:48,422 INFO Connection check task start

2022-11-04 20:06:48,444 INFO Total count =0, sdkCount=0,clusterCount=0, currentLimit=-1, toExpelCount=0

2022-11-04 20:06:48,447 INFO Check over limit for ip limit rule, over limit ip count=0

2022-11-04 20:06:48,449 INFO Out dated connection ,size=0

2022-11-04 20:06:48,450 INFO Connection check task end

2022-11-04 20:06:51,454 INFO Connection check task start

2022-11-04 20:06:51,459 INFO Total count =0, sdkCount=0,clusterCount=0, currentLimit=-1, toExpelCount=0

2022-11-04 20:06:51,463 INFO Check over limit for ip limit rule, over limit ip count=0

2022-11-04 20:06:51,464 INFO Out dated connection ,size=0

2022-11-04 20:06:51,468 INFO Connection check task end

2022-11-04 20:06:54,476 INFO Connection check task start

2022-11-04 20:06:54,498 INFO Total count =0, sdkCount=0,clusterCount=0, currentLimit=-1, toExpelCount=0

2022-11-04 20:06:54,499 INFO Check over limit for ip limit rule, over limit ip count=0

2022-11-04 20:06:54,502 INFO Out dated connection ,size=0

2022-11-04 20:06:54,503 INFO Connection check task end

2022-11-04 20:06:57,507 INFO Connection check task start

2022-11-04 20:06:57,518 INFO Total count =0, sdkCount=0,clusterCount=0, currentLimit=-1, toExpelCount=0

2022-11-04 20:06:57,528 INFO Check over limit for ip limit rule, over limit ip count=0

2022-11-04 20:06:57,531 INFO Out dated connection ,size=0

2022-11-04 20:06:57,539 INFO Connection check task end

2022-11-04 20:07:00,543 INFO Connection check task start

2022-11-04 20:07:00,558 INFO Total count =0, sdkCount=0,clusterCount=0, currentLimit=-1, toExpelCount=0

2022-11-04 20:07:00,562 INFO Check over limit for ip limit rule, over limit ip count=0

2022-11-04 20:07:00,565 INFO Out dated connection ,size=0

2022-11-04 20:07:00,567 INFO Connection check task end

2022-11-04 20:07:03,572 INFO Connection check task start

2022-11-04 20:07:03,576 INFO Total count =0, sdkCount=0,clusterCount=0, currentLimit=-1, toExpelCount=0

2022-11-04 20:07:03,578 INFO Check over limit for ip limit rule, over limit ip count=0

2022-11-04 20:07:03,579 INFO Out dated connection ,size=0

2022-11-04 20:07:03,581 INFO Connection check task end

2022-11-04 20:07:06,584 INFO Connection check task start

2022-11-04 20:07:06,588 INFO Total count =0, sdkCount=0,clusterCount=0, currentLimit=-1, toExpelCount=0

2022-11-04 20:07:06,592 INFO Check over limit for ip limit rule, over limit ip count=0

2022-11-04 20:07:06,597 INFO Out dated connection ,size=0

2022-11-04 20:07:06,599 INFO Connection check task end

2022-11-04 20:07:09,603 INFO Connection check task start

2022-11-04 20:07:09,613 INFO Total count =0, sdkCount=0,clusterCount=0, currentLimit=-1, toExpelCount=0

2022-11-04 20:07:09,622 INFO Check over limit for ip limit rule, over limit ip count=0

2022-11-04 20:07:09,624 INFO Out dated connection ,size=0

2022-11-04 20:07:09,628 INFO Connection check task end

2022-11-04 20:07:12,629 INFO Connection check task start

2022-11-04 20:07:12,636 INFO Total count =0, sdkCount=0,clusterCount=0, currentLimit=-1, toExpelCount=0

2022-11-04 20:07:12,641 INFO Check over limit for ip limit rule, over limit ip count=0

2022-11-04 20:07:12,647 INFO Out dated connection ,size=0

2022-11-04 20:07:12,649 INFO Connection check task end

2022-11-04 20:07:15,654 INFO Connection check task start

2022-11-04 20:07:15,661 INFO Total count =0, sdkCount=0,clusterCount=0, currentLimit=-1, toExpelCount=0

2022-11-04 20:07:15,667 INFO Check over limit for ip limit rule, over limit ip count=0

2022-11-04 20:07:15,669 INFO Out dated connection ,size=0

2022-11-04 20:07:15,674 INFO Connection check task end

2022-11-04 20:07:18,679 INFO Connection check task start

2022-11-04 20:07:18,692 INFO Total count =0, sdkCount=0,clusterCount=0, currentLimit=-1, toExpelCount=0

2022-11-04 20:07:18,696 INFO Check over limit for ip limit rule, over limit ip count=0

2022-11-04 20:07:18,703 INFO Out dated connection ,size=0

2022-11-04 20:07:18,704 INFO Connection check task end

2022-11-04 20:07:21,706 INFO Connection check task start

2022-11-04 20:07:21,718 INFO Total count =0, sdkCount=0,clusterCount=0, currentLimit=-1, toExpelCount=0

2022-11-04 20:07:21,725 INFO Check over limit for ip limit rule, over limit ip count=0

2022-11-04 20:07:21,728 INFO Out dated connection ,size=0

2022-11-04 20:07:21,733 INFO Connection check task end

2022-11-04 20:07:24,735 INFO Connection check task start

2022-11-04 20:07:24,745 INFO Total count =0, sdkCount=0,clusterCount=0, currentLimit=-1, toExpelCount=0

2022-11-04 20:07:24,747 INFO Check over limit for ip limit rule, over limit ip count=0

2022-11-04 20:07:24,749 INFO Out dated connection ,size=0

2022-11-04 20:07:24,755 INFO Connection check task end

2022-11-04 20:07:27,760 INFO Connection check task start

2022-11-04 20:07:27,769 INFO Total count =0, sdkCount=0,clusterCount=0, currentLimit=-1, toExpelCount=0

2022-11-04 20:07:27,775 INFO Check over limit for ip limit rule, over limit ip count=0

2022-11-04 20:07:27,779 INFO Out dated connection ,size=0

2022-11-04 20:07:27,784 INFO Connection check task end

2022-11-04 20:07:30,788 INFO Connection check task start

2022-11-04 20:07:30,802 INFO Total count =0, sdkCount=0,clusterCount=0, currentLimit=-1, toExpelCount=0

2022-11-04 20:07:30,805 INFO Check over limit for ip limit rule, over limit ip count=0

2022-11-04 20:07:30,812 INFO Out dated connection ,size=0

2022-11-04 20:07:30,814 INFO Connection check task end

2022-11-04 20:07:33,817 INFO Connection check task start

2022-11-04 20:07:33,833 INFO Total count =0, sdkCount=0,clusterCount=0, currentLimit=-1, toExpelCount=0

2022-11-04 20:07:33,838 INFO Check over limit for ip limit rule, over limit ip count=0

2022-11-04 20:07:33,843 INFO Out dated connection ,size=0

2022-11-04 20:07:33,847 INFO Connection check task end

2022-11-04 20:07:36,850 INFO Connection check task start

2022-11-04 20:07:36,865 INFO Total count =0, sdkCount=0,clusterCount=0, currentLimit=-1, toExpelCount=0

2022-11-04 20:07:36,867 INFO Check over limit for ip limit rule, over limit ip count=0

2022-11-04 20:07:36,870 INFO Out dated connection ,size=0

2022-11-04 20:07:36,873 INFO Connection check task end

2022-11-04 20:07:39,877 INFO Connection check task start

2022-11-04 20:07:39,899 INFO Total count =0, sdkCount=0,clusterCount=0, currentLimit=-1, toExpelCount=0

2022-11-04 20:07:39,906 INFO Check over limit for ip limit rule, over limit ip count=0

2022-11-04 20:07:39,908 INFO Out dated connection ,size=0

2022-11-04 20:07:39,912 INFO Connection check task end

2022-11-04 20:07:42,914 INFO Connection check task start

2022-11-04 20:07:42,934 INFO Total count =0, sdkCount=0,clusterCount=0, currentLimit=-1, toExpelCount=0

2022-11-04 20:07:42,937 INFO Check over limit for ip limit rule, over limit ip count=0

2022-11-04 20:07:42,941 INFO Out dated connection ,size=0

2022-11-04 20:07:42,942 INFO Connection check task end

2022-11-04 20:07:45,945 INFO Connection check task start

2022-11-04 20:07:45,955 INFO Total count =0, sdkCount=0,clusterCount=0, currentLimit=-1, toExpelCount=0

2022-11-04 20:07:45,961 INFO Check over limit for ip limit rule, over limit ip count=0

2022-11-04 20:07:45,964 INFO Out dated connection ,size=0

2022-11-04 20:07:45,968 INFO Connection check task end

2022-11-04 20:07:48,972 INFO Connection check task start

2022-11-04 20:07:48,987 INFO Total count =0, sdkCount=0,clusterCount=0, currentLimit=-1, toExpelCount=0

2022-11-04 20:07:48,991 INFO Check over limit for ip limit rule, over limit ip count=0

2022-11-04 20:07:48,994 INFO Out dated connection ,size=0

2022-11-04 20:07:48,996 INFO Connection check task end

2022-11-04 20:07:52,003 INFO Connection check task start

2022-11-04 20:07:52,012 INFO Total count =0, sdkCount=0,clusterCount=0, currentLimit=-1, toExpelCount=0

2022-11-04 20:07:52,025 INFO Check over limit for ip limit rule, over limit ip count=0

2022-11-04 20:07:52,032 INFO Out dated connection ,size=0

2022-11-04 20:07:52,035 INFO Connection check task end

2022-11-04 20:07:55,045 INFO Connection check task start

2022-11-04 20:07:55,058 INFO Total count =0, sdkCount=0,clusterCount=0, currentLimit=-1, toExpelCount=0

2022-11-04 20:07:55,064 INFO Check over limit for ip limit rule, over limit ip count=0

2022-11-04 20:07:55,071 INFO Out dated connection ,size=0

2022-11-04 20:07:55,073 INFO Connection check task end

2022-11-04 20:07:58,077 INFO Connection check task start

2022-11-04 20:07:58,086 INFO Total count =0, sdkCount=0,clusterCount=0, currentLimit=-1, toExpelCount=0

2022-11-04 20:07:58,092 INFO Check over limit for ip limit rule, over limit ip count=0

2022-11-04 20:07:58,094 INFO Out dated connection ,size=0

2022-11-04 20:07:58,098 INFO Connection check task end

2022-11-04 20:08:01,107 INFO Connection check task start

2022-11-04 20:08:01,121 INFO Total count =0, sdkCount=0,clusterCount=0, currentLimit=-1, toExpelCount=0

2022-11-04 20:08:01,125 INFO Check over limit for ip limit rule, over limit ip count=0

2022-11-04 20:08:01,132 INFO Out dated connection ,size=0

2022-11-04 20:08:01,135 INFO Connection check task end

2022-11-04 20:08:04,144 INFO Connection check task start

2022-11-04 20:08:04,163 INFO Total count =0, sdkCount=0,clusterCount=0, currentLimit=-1, toExpelCount=0

2022-11-04 20:08:04,170 INFO Check over limit for ip limit rule, over limit ip count=0

2022-11-04 20:08:04,172 INFO Out dated connection ,size=0

2022-11-04 20:08:04,175 INFO Connection check task end

2022-11-04 20:08:07,177 INFO Connection check task start

2022-11-04 20:08:07,196 INFO Total count =0, sdkCount=0,clusterCount=0, currentLimit=-1, toExpelCount=0

2022-11-04 20:08:07,202 INFO Check over limit for ip limit rule, over limit ip count=0

2022-11-04 20:08:07,212 INFO Out dated connection ,size=0

2022-11-04 20:08:07,214 INFO Connection check task end

2022-11-04 20:08:10,217 INFO Connection check task start

2022-11-04 20:08:10,236 INFO Total count =0, sdkCount=0,clusterCount=0, currentLimit=-1, toExpelCount=0

2022-11-04 20:08:10,248 INFO Check over limit for ip limit rule, over limit ip count=0

2022-11-04 20:08:10,250 INFO Out dated connection ,size=0

2022-11-04 20:08:10,254 INFO Connection check task end

2022-11-04 20:08:13,258 INFO Connection check task start

2022-11-04 20:08:13,270 INFO Total count =0, sdkCount=0,clusterCount=0, currentLimit=-1, toExpelCount=0

2022-11-04 20:08:13,274 INFO Check over limit for ip limit rule, over limit ip count=0

2022-11-04 20:08:13,277 INFO Out dated connection ,size=0

2022-11-04 20:08:13,280 INFO Connection check task end

2022-11-04 20:08:16,288 INFO Connection check task start

2022-11-04 20:08:16,300 INFO Total count =0, sdkCount=0,clusterCount=0, currentLimit=-1, toExpelCount=0

2022-11-04 20:08:16,305 INFO Check over limit for ip limit rule, over limit ip count=0

2022-11-04 20:08:16,308 INFO Out dated connection ,size=0

2022-11-04 20:08:16,315 INFO Connection check task end

2022-11-04 20:08:19,318 INFO Connection check task start

2022-11-04 20:08:19,329 INFO Total count =0, sdkCount=0,clusterCount=0, currentLimit=-1, toExpelCount=0

2022-11-04 20:08:19,332 INFO Check over limit for ip limit rule, over limit ip count=0

2022-11-04 20:08:19,337 INFO Out dated connection ,size=0

2022-11-04 20:08:19,340 INFO Connection check task end

2022-11-04 20:08:22,343 INFO Connection check task start

2022-11-04 20:08:22,367 INFO Total count =0, sdkCount=0,clusterCount=0, currentLimit=-1, toExpelCount=0

2022-11-04 20:08:22,370 INFO Check over limit for ip limit rule, over limit ip count=0

2022-11-04 20:08:22,371 INFO Out dated connection ,size=0

2022-11-04 20:08:22,374 INFO Connection check task end

2022-11-04 20:08:25,375 INFO Connection check task start

2022-11-04 20:08:25,388 INFO Total count =0, sdkCount=0,clusterCount=0, currentLimit=-1, toExpelCount=0

2022-11-04 20:08:25,390 INFO Check over limit for ip limit rule, over limit ip count=0

2022-11-04 20:08:25,392 INFO Out dated connection ,size=0

2022-11-04 20:08:25,394 INFO Connection check task end

2022-11-04 20:08:28,399 INFO Connection check task start

2022-11-04 20:08:28,411 INFO Total count =0, sdkCount=0,clusterCount=0, currentLimit=-1, toExpelCount=0

2022-11-04 20:08:28,425 INFO Check over limit for ip limit rule, over limit ip count=0

2022-11-04 20:08:28,427 INFO Out dated connection ,size=0

2022-11-04 20:08:28,431 INFO Connection check task end

2022-11-04 20:08:31,438 INFO Connection check task start

2022-11-04 20:08:31,440 INFO Total count =0, sdkCount=0,clusterCount=0, currentLimit=-1, toExpelCount=0

2022-11-04 20:08:31,441 INFO Check over limit for ip limit rule, over limit ip count=0

2022-11-04 20:08:31,443 INFO Out dated connection ,size=0

2022-11-04 20:08:31,443 INFO Connection check task end

2022-11-04 20:08:34,446 INFO Connection check task start

2022-11-04 20:08:34,456 INFO Total count =0, sdkCount=0,clusterCount=0, currentLimit=-1, toExpelCount=0

2022-11-04 20:08:34,463 INFO Check over limit for ip limit rule, over limit ip count=0

2022-11-04 20:08:34,465 INFO Out dated connection ,size=0

2022-11-04 20:08:34,469 INFO Connection check task end

2022-11-04 20:08:37,472 INFO Connection check task start

2022-11-04 20:08:37,492 INFO Total count =0, sdkCount=0,clusterCount=0, currentLimit=-1, toExpelCount=0

2022-11-04 20:08:37,493 INFO Check over limit for ip limit rule, over limit ip count=0

2022-11-04 20:08:37,494 INFO Out dated connection ,size=0

2022-11-04 20:08:37,494 INFO Connection check task end

2022-11-04 20:08:40,496 INFO Connection check task start

2022-11-04 20:08:40,510 INFO Total count =0, sdkCount=0,clusterCount=0, currentLimit=-1, toExpelCount=0

2022-11-04 20:08:40,515 INFO Check over limit for ip limit rule, over limit ip count=0

2022-11-04 20:08:40,518 INFO Out dated connection ,size=0

2022-11-04 20:08:40,521 INFO Connection check task end

2022-11-04 20:08:43,524 INFO Connection check task start

2022-11-04 20:08:43,540 INFO Total count =0, sdkCount=0,clusterCount=0, currentLimit=-1, toExpelCount=0

2022-11-04 20:08:43,542 INFO Check over limit for ip limit rule, over limit ip count=0

2022-11-04 20:08:43,545 INFO Out dated connection ,size=0

2022-11-04 20:08:43,561 INFO Connection check task end

2022-11-04 20:08:46,563 INFO Connection check task start

2022-11-04 20:08:46,573 INFO Total count =0, sdkCount=0,clusterCount=0, currentLimit=-1, toExpelCount=0

2022-11-04 20:08:46,584 INFO Check over limit for ip limit rule, over limit ip count=0

2022-11-04 20:08:46,587 INFO Out dated connection ,size=0

2022-11-04 20:08:46,593 INFO Connection check task end

2022-11-04 20:08:49,596 INFO Connection check task start

2022-11-04 20:08:49,622 INFO Total count =0, sdkCount=0,clusterCount=0, currentLimit=-1, toExpelCount=0

2022-11-04 20:08:49,625 INFO Check over limit for ip limit rule, over limit ip count=0

2022-11-04 20:08:49,626 INFO Out dated connection ,size=0

2022-11-04 20:08:49,627 INFO Connection check task end

2022-11-04 20:08:52,635 INFO Connection check task start

2022-11-04 20:08:52,651 INFO Total count =0, sdkCount=0,clusterCount=0, currentLimit=-1, toExpelCount=0

2022-11-04 20:08:52,666 INFO Check over limit for ip limit rule, over limit ip count=0

2022-11-04 20:08:52,668 INFO Out dated connection ,size=0

2022-11-04 20:08:52,671 INFO Connection check task end

2022-11-04 20:08:55,673 INFO Connection check task start

2022-11-04 20:08:55,681 INFO Total count =0, sdkCount=0,clusterCount=0, currentLimit=-1, toExpelCount=0

2022-11-04 20:08:55,686 INFO Check over limit for ip limit rule, over limit ip count=0

2022-11-04 20:08:55,690 INFO Out dated connection ,size=0

2022-11-04 20:08:55,694 INFO Connection check task end

2022-11-04 20:08:58,696 INFO Connection check task start

2022-11-04 20:08:58,699 INFO Total count =0, sdkCount=0,clusterCount=0, currentLimit=-1, toExpelCount=0

2022-11-04 20:08:58,701 INFO Check over limit for ip limit rule, over limit ip count=0

2022-11-04 20:08:58,701 INFO Out dated connection ,size=0

2022-11-04 20:08:58,703 INFO Connection check task end

2022-11-04 20:09:01,705 INFO Connection check task start

2022-11-04 20:09:01,709 INFO Total count =0, sdkCount=0,clusterCount=0, currentLimit=-1, toExpelCount=0

2022-11-04 20:09:01,710 INFO Check over limit for ip limit rule, over limit ip count=0

2022-11-04 20:09:01,710 INFO Out dated connection ,size=0

2022-11-04 20:09:01,711 INFO Connection check task end

2022-11-04 20:09:04,714 INFO Connection check task start

2022-11-04 20:09:04,723 INFO Total count =0, sdkCount=0,clusterCount=0, currentLimit=-1, toExpelCount=0

2022-11-04 20:09:04,732 INFO Check over limit for ip limit rule, over limit ip count=0

2022-11-04 20:09:04,734 INFO Out dated connection ,size=0

2022-11-04 20:09:04,737 INFO Connection check task end

